{"D:/Development/splitx/re-render/src/helper.ts": {"path":"D:/Development/splitx/re-render/src/helper.ts","statementMap":{"0":{"start":{"line":12,"column":4},"end":{"line":50,"column":null}},"1":{"start":{"line":13,"column":21},"end":{"line":13,"column":null}},"2":{"start":{"line":15,"column":8},"end":{"line":49,"column":null}},"3":{"start":{"line":16,"column":29},"end":{"line":16,"column":null}},"4":{"start":{"line":17,"column":27},"end":{"line":17,"column":null}},"5":{"start":{"line":19,"column":12},"end":{"line":48,"column":null}},"6":{"start":{"line":20,"column":16},"end":{"line":42,"column":null}},"7":{"start":{"line":21,"column":20},"end":{"line":30,"column":null}},"8":{"start":{"line":31,"column":16},"end":{"line":42,"column":null}},"9":{"start":{"line":32,"column":20},"end":{"line":41,"column":null}},"10":{"start":{"line":44,"column":16},"end":{"line":48,"column":null}},"11":{"start":{"line":53,"column":19},"end":{"line":58,"column":null}},"12":{"start":{"line":61,"column":4},"end":{"line":61,"column":null}},"13":{"start":{"line":65,"column":50},"end":{"line":65,"column":null}},"14":{"start":{"line":67,"column":4},"end":{"line":84,"column":null}},"15":{"start":{"line":69,"column":12},"end":{"line":69,"column":null}},"16":{"start":{"line":71,"column":12},"end":{"line":71,"column":null}},"17":{"start":{"line":73,"column":12},"end":{"line":73,"column":null}},"18":{"start":{"line":75,"column":12},"end":{"line":80,"column":null}},"19":{"start":{"line":83,"column":12},"end":{"line":83,"column":null}},"20":{"start":{"line":87,"column":36},"end":{"line":89,"column":null}},"21":{"start":{"line":88,"column":4},"end":{"line":88,"column":null}},"22":{"start":{"line":93,"column":8},"end":{"line":93,"column":null}},"23":{"start":{"line":94,"column":8},"end":{"line":94,"column":null}},"24":{"start":{"line":98,"column":31},"end":{"line":99,"column":null}},"25":{"start":{"line":99,"column":4},"end":{"line":99,"column":null}},"26":{"start":{"line":102,"column":4},"end":{"line":105,"column":null}},"27":{"start":{"line":103,"column":23},"end":{"line":103,"column":null}}},"fnMap":{"0":{"name":"logDiff","decl":{"start":{"line":6,"column":16},"end":{"line":6,"column":null}},"loc":{"start":{"line":11,"column":2},"end":{"line":51,"column":null}}},"1":{"name":"(anonymous_1)","decl":{"start":{"line":15,"column":21},"end":{"line":15,"column":22}},"loc":{"start":{"line":15,"column":36},"end":{"line":49,"column":9}}},"2":{"name":"style","decl":{"start":{"line":60,"column":16},"end":{"line":60,"column":22}},"loc":{"start":{"line":60,"column":36},"end":{"line":62,"column":null}}},"3":{"name":"render","decl":{"start":{"line":64,"column":16},"end":{"line":64,"column":23}},"loc":{"start":{"line":64,"column":73},"end":{"line":85,"column":null}}},"4":{"name":"(anonymous_4)","decl":{"start":{"line":87,"column":36},"end":{"line":87,"column":37}},"loc":{"start":{"line":87,"column":53},"end":{"line":89,"column":null}}},"5":{"name":"(anonymous_5)","decl":{"start":{"line":92,"column":4},"end":{"line":92,"column":16}},"loc":{"start":{"line":92,"column":33},"end":{"line":95,"column":null}}},"6":{"name":"(anonymous_6)","decl":{"start":{"line":98,"column":31},"end":{"line":98,"column":32}},"loc":{"start":{"line":99,"column":4},"end":{"line":99,"column":null}}},"7":{"name":"safeGet","decl":{"start":{"line":101,"column":16},"end":{"line":101,"column":27}},"loc":{"start":{"line":101,"column":63},"end":{"line":106,"column":null}}},"8":{"name":"(anonymous_8)","decl":{"start":{"line":103,"column":8},"end":{"line":103,"column":9}},"loc":{"start":{"line":103,"column":23},"end":{"line":103,"column":null}}}},"branchMap":{"0":{"loc":{"start":{"line":12,"column":4},"end":{"line":50,"column":null}},"type":"if","locations":[{"start":{"line":12,"column":4},"end":{"line":50,"column":null}},{"start":{},"end":{}}]},"1":{"loc":{"start":{"line":19,"column":12},"end":{"line":48,"column":null}},"type":"if","locations":[{"start":{"line":19,"column":12},"end":{"line":48,"column":null}},{"start":{"line":44,"column":16},"end":{"line":48,"column":null}}]},"2":{"loc":{"start":{"line":19,"column":16},"end":{"line":19,"column":43}},"type":"binary-expr","locations":[{"start":{"line":19,"column":16},"end":{"line":19,"column":32}},{"start":{"line":19,"column":32},"end":{"line":19,"column":43}}]},"3":{"loc":{"start":{"line":20,"column":16},"end":{"line":42,"column":null}},"type":"if","locations":[{"start":{"line":20,"column":16},"end":{"line":42,"column":null}},{"start":{"line":31,"column":16},"end":{"line":42,"column":null}}]},"4":{"loc":{"start":{"line":31,"column":16},"end":{"line":42,"column":null}},"type":"if","locations":[{"start":{"line":31,"column":16},"end":{"line":42,"column":null}},{"start":{},"end":{}}]},"5":{"loc":{"start":{"line":67,"column":4},"end":{"line":84,"column":null}},"type":"switch","locations":[{"start":{"line":68,"column":8},"end":{"line":69,"column":null}},{"start":{"line":70,"column":8},"end":{"line":71,"column":null}},{"start":{"line":72,"column":8},"end":{"line":73,"column":null}},{"start":{"line":74,"column":8},"end":{"line":81,"column":null}},{"start":{"line":82,"column":8},"end":{"line":83,"column":null}}]},"6":{"loc":{"start":{"line":103,"column":23},"end":{"line":103,"column":null}},"type":"cond-expr","locations":[{"start":{"line":103,"column":55},"end":{"line":103,"column":66}},{"start":{"line":103,"column":66},"end":{"line":103,"column":null}}]},"7":{"loc":{"start":{"line":103,"column":23},"end":{"line":103,"column":55}},"type":"binary-expr","locations":[{"start":{"line":103,"column":23},"end":{"line":103,"column":30}},{"start":{"line":103,"column":30},"end":{"line":103,"column":55}}]}},"s":{"0":33,"1":33,"2":33,"3":42,"4":42,"5":42,"6":5,"7":4,"8":1,"9":1,"10":37,"11":1,"12":42,"13":79,"14":79,"15":68,"16":4,"17":2,"18":5,"19":0,"20":1,"21":3,"22":3,"23":3,"24":1,"25":25,"26":64,"27":88},"f":{"0":33,"1":42,"2":42,"3":79,"4":3,"5":3,"6":25,"7":64,"8":88},"b":{"0":[33,0],"1":[5,37],"2":[42,5],"3":[4,1],"4":[1,0],"5":[68,4,2,5,0],"6":[88,0],"7":[88,88]}}
,"D:/Development/splitx/re-render/src/core/devTools.ts": {"path":"D:/Development/splitx/re-render/src/core/devTools.ts","statementMap":{"0":{"start":{"line":9,"column":20},"end":{"line":9,"column":null}},"1":{"start":{"line":10,"column":4},"end":{"line":12,"column":null}},"2":{"start":{"line":11,"column":8},"end":{"line":11,"column":null}},"3":{"start":{"line":13,"column":4},"end":{"line":17,"column":null}},"4":{"start":{"line":14,"column":8},"end":{"line":14,"column":null}},"5":{"start":{"line":16,"column":8},"end":{"line":16,"column":null}}},"fnMap":{"0":{"name":"configureDevTools","decl":{"start":{"line":4,"column":16},"end":{"line":4,"column":null}},"loc":{"start":{"line":8,"column":66},"end":{"line":18,"column":null}}}},"branchMap":{"0":{"loc":{"start":{"line":10,"column":4},"end":{"line":12,"column":null}},"type":"if","locations":[{"start":{"line":10,"column":4},"end":{"line":12,"column":null}},{"start":{},"end":{}}]},"1":{"loc":{"start":{"line":13,"column":4},"end":{"line":17,"column":null}},"type":"if","locations":[{"start":{"line":13,"column":4},"end":{"line":17,"column":null}},{"start":{"line":15,"column":11},"end":{"line":17,"column":null}}]}},"s":{"0":0,"1":0,"2":0,"3":0,"4":0,"5":0},"f":{"0":0},"b":{"0":[0,0],"1":[0,0]}}
,"D:/Development/splitx/re-render/src/core/store.ts": {"path":"D:/Development/splitx/re-render/src/core/store.ts","statementMap":{"0":{"start":{"line":21,"column":38},"end":{"line":38,"column":null}},"1":{"start":{"line":29,"column":8},"end":{"line":29,"column":null}},"2":{"start":{"line":41,"column":4},"end":{"line":41,"column":null}},"3":{"start":{"line":45,"column":4},"end":{"line":45,"column":null}},"4":{"start":{"line":55,"column":46},"end":{"line":55,"column":null}},"5":{"start":{"line":56,"column":25},"end":{"line":56,"column":null}},"6":{"start":{"line":57,"column":24},"end":{"line":57,"column":null}},"7":{"start":{"line":58,"column":16},"end":{"line":58,"column":null}},"8":{"start":{"line":60,"column":21},"end":{"line":172,"column":null}},"9":{"start":{"line":66,"column":32},"end":{"line":66,"column":null}},"10":{"start":{"line":68,"column":8},"end":{"line":90,"column":null}},"11":{"start":{"line":69,"column":12},"end":{"line":72,"column":null}},"12":{"start":{"line":70,"column":16},"end":{"line":71,"column":null}},"13":{"start":{"line":73,"column":12},"end":{"line":75,"column":null}},"14":{"start":{"line":74,"column":16},"end":{"line":74,"column":null}},"15":{"start":{"line":76,"column":12},"end":{"line":78,"column":null}},"16":{"start":{"line":77,"column":16},"end":{"line":77,"column":null}},"17":{"start":{"line":79,"column":12},"end":{"line":81,"column":null}},"18":{"start":{"line":80,"column":16},"end":{"line":80,"column":null}},"19":{"start":{"line":82,"column":12},"end":{"line":85,"column":null}},"20":{"start":{"line":83,"column":16},"end":{"line":84,"column":null}},"21":{"start":{"line":86,"column":12},"end":{"line":89,"column":null}},"22":{"start":{"line":87,"column":16},"end":{"line":88,"column":null}},"23":{"start":{"line":92,"column":26},"end":{"line":92,"column":null}},"24":{"start":{"line":93,"column":24},"end":{"line":93,"column":null}},"25":{"start":{"line":95,"column":8},"end":{"line":171,"column":null}},"26":{"start":{"line":97,"column":12},"end":{"line":119,"column":null}},"27":{"start":{"line":101,"column":16},"end":{"line":110,"column":null}},"28":{"start":{"line":102,"column":20},"end":{"line":109,"column":null}},"29":{"start":{"line":112,"column":16},"end":{"line":118,"column":null}},"30":{"start":{"line":113,"column":20},"end":{"line":115,"column":null}},"31":{"start":{"line":117,"column":20},"end":{"line":117,"column":null}},"32":{"start":{"line":122,"column":28},"end":{"line":122,"column":null}},"33":{"start":{"line":123,"column":12},"end":{"line":129,"column":null}},"34":{"start":{"line":125,"column":16},"end":{"line":127,"column":null}},"35":{"start":{"line":128,"column":16},"end":{"line":128,"column":null}},"36":{"start":{"line":132,"column":12},"end":{"line":143,"column":null}},"37":{"start":{"line":133,"column":16},"end":{"line":142,"column":null}},"38":{"start":{"line":146,"column":12},"end":{"line":146,"column":null}},"39":{"start":{"line":149,"column":12},"end":{"line":159,"column":null}},"40":{"start":{"line":150,"column":16},"end":{"line":158,"column":null}},"41":{"start":{"line":162,"column":12},"end":{"line":162,"column":null}},"42":{"start":{"line":164,"column":12},"end":{"line":167,"column":null}},"43":{"start":{"line":165,"column":16},"end":{"line":165,"column":null}},"44":{"start":{"line":166,"column":16},"end":{"line":166,"column":null}},"45":{"start":{"line":168,"column":12},"end":{"line":168,"column":null}},"46":{"start":{"line":170,"column":12},"end":{"line":170,"column":null}},"47":{"start":{"line":174,"column":26},"end":{"line":185,"column":null}},"48":{"start":{"line":180,"column":8},"end":{"line":184,"column":null}},"49":{"start":{"line":181,"column":12},"end":{"line":181,"column":null}},"50":{"start":{"line":183,"column":12},"end":{"line":183,"column":null}},"51":{"start":{"line":187,"column":55},"end":{"line":187,"column":null}},"52":{"start":{"line":189,"column":19},"end":{"line":192,"column":null}},"53":{"start":{"line":190,"column":25},"end":{"line":190,"column":null}},"54":{"start":{"line":191,"column":8},"end":{"line":191,"column":null}},"55":{"start":{"line":191,"column":40},"end":{"line":191,"column":58}},"56":{"start":{"line":194,"column":22},"end":{"line":197,"column":null}},"57":{"start":{"line":195,"column":8},"end":{"line":195,"column":null}},"58":{"start":{"line":196,"column":8},"end":{"line":196,"column":null}},"59":{"start":{"line":196,"column":21},"end":{"line":196,"column":null}},"60":{"start":{"line":199,"column":24},"end":{"line":201,"column":null}},"61":{"start":{"line":200,"column":8},"end":{"line":200,"column":null}},"62":{"start":{"line":203,"column":21},"end":{"line":203,"column":null}},"63":{"start":{"line":203,"column":35},"end":{"line":203,"column":null}},"64":{"start":{"line":205,"column":22},"end":{"line":221,"column":null}},"65":{"start":{"line":206,"column":8},"end":{"line":208,"column":null}},"66":{"start":{"line":207,"column":12},"end":{"line":207,"column":null}},"67":{"start":{"line":210,"column":28},"end":{"line":210,"column":null}},"68":{"start":{"line":211,"column":29},"end":{"line":211,"column":null}},"69":{"start":{"line":213,"column":8},"end":{"line":220,"column":null}},"70":{"start":{"line":214,"column":12},"end":{"line":217,"column":null}},"71":{"start":{"line":215,"column":16},"end":{"line":215,"column":null}},"72":{"start":{"line":216,"column":16},"end":{"line":216,"column":null}},"73":{"start":{"line":219,"column":12},"end":{"line":219,"column":null}},"74":{"start":{"line":223,"column":23},"end":{"line":226,"column":null}},"75":{"start":{"line":225,"column":27},"end":{"line":225,"column":null}},"76":{"start":{"line":228,"column":54},"end":{"line":248,"column":null}},"77":{"start":{"line":244,"column":12},"end":{"line":244,"column":null}},"78":{"start":{"line":245,"column":12},"end":{"line":245,"column":null}},"79":{"start":{"line":250,"column":4},"end":{"line":252,"column":null}},"80":{"start":{"line":251,"column":8},"end":{"line":251,"column":null}},"81":{"start":{"line":254,"column":4},"end":{"line":254,"column":null}},"82":{"start":{"line":268,"column":4},"end":{"line":284,"column":null}},"83":{"start":{"line":270,"column":27},"end":{"line":270,"column":null}},"84":{"start":{"line":271,"column":12},"end":{"line":271,"column":null}},"85":{"start":{"line":271,"column":25},"end":{"line":271,"column":null}},"86":{"start":{"line":273,"column":12},"end":{"line":282,"column":null}},"87":{"start":{"line":275,"column":22},"end":{"line":278,"column":null}},"88":{"start":{"line":276,"column":37},"end":{"line":276,"column":null}},"89":{"start":{"line":281,"column":22},"end":{"line":281,"column":null}},"90":{"start":{"line":281,"column":42},"end":{"line":281,"column":66}},"91":{"start":{"line":291,"column":4},"end":{"line":299,"column":null}},"92":{"start":{"line":293,"column":29},"end":{"line":293,"column":null}},"93":{"start":{"line":294,"column":12},"end":{"line":294,"column":null}},"94":{"start":{"line":294,"column":27},"end":{"line":294,"column":null}},"95":{"start":{"line":296,"column":12},"end":{"line":297,"column":null}},"96":{"start":{"line":297,"column":16},"end":{"line":297,"column":null}},"97":{"start":{"line":304,"column":8},"end":{"line":326,"column":null}},"98":{"start":{"line":304,"column":31},"end":{"line":304,"column":43}},"99":{"start":{"line":306,"column":16},"end":{"line":306,"column":null}},"100":{"start":{"line":306,"column":46},"end":{"line":306,"column":null}},"101":{"start":{"line":309,"column":16},"end":{"line":312,"column":null}},"102":{"start":{"line":310,"column":32},"end":{"line":310,"column":null}},"103":{"start":{"line":311,"column":20},"end":{"line":311,"column":null}},"104":{"start":{"line":311,"column":33},"end":{"line":311,"column":null}},"105":{"start":{"line":315,"column":34},"end":{"line":315,"column":null}},"106":{"start":{"line":316,"column":16},"end":{"line":322,"column":null}},"107":{"start":{"line":321,"column":20},"end":{"line":321,"column":null}},"108":{"start":{"line":324,"column":16},"end":{"line":324,"column":null}},"109":{"start":{"line":329,"column":4},"end":{"line":329,"column":null}}},"fnMap":{"0":{"name":"(anonymous_0)","decl":{"start":{"line":28,"column":24},"end":{"line":28,"column":25}},"loc":{"start":{"line":28,"column":56},"end":{"line":30,"column":null}}},"1":{"name":"setGlobalConfig","decl":{"start":{"line":40,"column":16},"end":{"line":40,"column":32}},"loc":{"start":{"line":40,"column":68},"end":{"line":42,"column":null}}},"2":{"name":"getGlobalConfig","decl":{"start":{"line":44,"column":16},"end":{"line":44,"column":34}},"loc":{"start":{"line":44,"column":34},"end":{"line":46,"column":null}}},"3":{"name":"createStore","decl":{"start":{"line":48,"column":16},"end":{"line":48,"column":null}},"loc":{"start":{"line":54,"column":40},"end":{"line":255,"column":null}}},"4":{"name":"(anonymous_4)","decl":{"start":{"line":60,"column":21},"end":{"line":60,"column":null}},"loc":{"start":{"line":65,"column":9},"end":{"line":172,"column":null}}},"5":{"name":"(anonymous_5)","decl":{"start":{"line":174,"column":26},"end":{"line":174,"column":null}},"loc":{"start":{"line":179,"column":24},"end":{"line":185,"column":null}}},"6":{"name":"(anonymous_6)","decl":{"start":{"line":189,"column":19},"end":{"line":189,"column":25}},"loc":{"start":{"line":189,"column":25},"end":{"line":192,"column":null}}},"7":{"name":"(anonymous_7)","decl":{"start":{"line":191,"column":26},"end":{"line":191,"column":27}},"loc":{"start":{"line":191,"column":40},"end":{"line":191,"column":58}}},"8":{"name":"(anonymous_8)","decl":{"start":{"line":194,"column":22},"end":{"line":194,"column":23}},"loc":{"start":{"line":194,"column":64},"end":{"line":197,"column":null}}},"9":{"name":"(anonymous_9)","decl":{"start":{"line":196,"column":15},"end":{"line":196,"column":21}},"loc":{"start":{"line":196,"column":21},"end":{"line":196,"column":null}}},"10":{"name":"(anonymous_10)","decl":{"start":{"line":199,"column":24},"end":{"line":199,"column":25}},"loc":{"start":{"line":199,"column":66},"end":{"line":201,"column":null}}},"11":{"name":"(anonymous_11)","decl":{"start":{"line":203,"column":21},"end":{"line":203,"column":35}},"loc":{"start":{"line":203,"column":35},"end":{"line":203,"column":null}}},"12":{"name":"(anonymous_12)","decl":{"start":{"line":205,"column":22},"end":{"line":205,"column":34}},"loc":{"start":{"line":205,"column":34},"end":{"line":221,"column":null}}},"13":{"name":"(anonymous_13)","decl":{"start":{"line":225,"column":15},"end":{"line":225,"column":27}},"loc":{"start":{"line":225,"column":27},"end":{"line":225,"column":null}}},"14":{"name":"(anonymous_14)","decl":{"start":{"line":243,"column":17},"end":{"line":243,"column":23}},"loc":{"start":{"line":243,"column":23},"end":{"line":246,"column":null}}},"15":{"name":"createActions","decl":{"start":{"line":258,"column":9},"end":{"line":258,"column":null}},"loc":{"start":{"line":267,"column":34},"end":{"line":285,"column":null}}},"16":{"name":"(anonymous_16)","decl":{"start":{"line":269,"column":8},"end":{"line":269,"column":12}},"loc":{"start":{"line":269,"column":28},"end":{"line":283,"column":null}}},"17":{"name":"(anonymous_17)","decl":{"start":{"line":274,"column":18},"end":{"line":274,"column":28}},"loc":{"start":{"line":274,"column":75},"end":{"line":279,"column":null}}},"18":{"name":"(anonymous_18)","decl":{"start":{"line":276,"column":26},"end":{"line":276,"column":27}},"loc":{"start":{"line":276,"column":37},"end":{"line":276,"column":null}}},"19":{"name":"(anonymous_19)","decl":{"start":{"line":280,"column":18},"end":{"line":280,"column":22}},"loc":{"start":{"line":280,"column":69},"end":{"line":282,"column":null}}},"20":{"name":"(anonymous_20)","decl":{"start":{"line":281,"column":31},"end":{"line":281,"column":32}},"loc":{"start":{"line":281,"column":42},"end":{"line":281,"column":66}}},"21":{"name":"createSelectors","decl":{"start":{"line":287,"column":9},"end":{"line":287,"column":null}},"loc":{"start":{"line":290,"column":36},"end":{"line":300,"column":null}}},"22":{"name":"(anonymous_22)","decl":{"start":{"line":292,"column":8},"end":{"line":292,"column":12}},"loc":{"start":{"line":292,"column":28},"end":{"line":298,"column":null}}},"23":{"name":"(anonymous_23)","decl":{"start":{"line":296,"column":19},"end":{"line":296,"column":23}},"loc":{"start":{"line":297,"column":16},"end":{"line":297,"column":null}}},"24":{"name":"createHooks","decl":{"start":{"line":302,"column":9},"end":{"line":302,"column":29}},"loc":{"start":{"line":302,"column":73},"end":{"line":330,"column":null}}},"25":{"name":"createProxy","decl":{"start":{"line":303,"column":13},"end":{"line":303,"column":25}},"loc":{"start":{"line":303,"column":51},"end":{"line":327,"column":null}}},"26":{"name":"(anonymous_26)","decl":{"start":{"line":304,"column":25},"end":{"line":304,"column":31}},"loc":{"start":{"line":304,"column":31},"end":{"line":304,"column":43}}},"27":{"name":"(anonymous_27)","decl":{"start":{"line":305,"column":12},"end":{"line":305,"column":16}},"loc":{"start":{"line":305,"column":38},"end":{"line":325,"column":null}}},"28":{"name":"(anonymous_28)","decl":{"start":{"line":311,"column":27},"end":{"line":311,"column":33}},"loc":{"start":{"line":311,"column":33},"end":{"line":311,"column":null}}}},"branchMap":{"0":{"loc":{"start":{"line":57,"column":24},"end":{"line":57,"column":null}},"type":"binary-expr","locations":[{"start":{"line":57,"column":24},"end":{"line":57,"column":48}},{"start":{"line":57,"column":48},"end":{"line":57,"column":null}}]},"1":{"loc":{"start":{"line":62,"column":8},"end":{"line":62,"column":null}},"type":"default-arg","locations":[{"start":{"line":62,"column":29},"end":{"line":62,"column":null}}]},"2":{"loc":{"start":{"line":68,"column":8},"end":{"line":90,"column":null}},"type":"if","locations":[{"start":{"line":68,"column":8},"end":{"line":90,"column":null}},{"start":{},"end":{}}]},"3":{"loc":{"start":{"line":69,"column":12},"end":{"line":72,"column":null}},"type":"if","locations":[{"start":{"line":69,"column":12},"end":{"line":72,"column":null}},{"start":{},"end":{}}]},"4":{"loc":{"start":{"line":73,"column":12},"end":{"line":75,"column":null}},"type":"if","locations":[{"start":{"line":73,"column":12},"end":{"line":75,"column":null}},{"start":{},"end":{}}]},"5":{"loc":{"start":{"line":76,"column":12},"end":{"line":78,"column":null}},"type":"if","locations":[{"start":{"line":76,"column":12},"end":{"line":78,"column":null}},{"start":{},"end":{}}]},"6":{"loc":{"start":{"line":79,"column":12},"end":{"line":81,"column":null}},"type":"if","locations":[{"start":{"line":79,"column":12},"end":{"line":81,"column":null}},{"start":{},"end":{}}]},"7":{"loc":{"start":{"line":82,"column":12},"end":{"line":85,"column":null}},"type":"if","locations":[{"start":{"line":82,"column":12},"end":{"line":85,"column":null}},{"start":{},"end":{}}]},"8":{"loc":{"start":{"line":86,"column":12},"end":{"line":89,"column":null}},"type":"if","locations":[{"start":{"line":86,"column":12},"end":{"line":89,"column":null}},{"start":{},"end":{}}]},"9":{"loc":{"start":{"line":97,"column":12},"end":{"line":119,"column":null}},"type":"if","locations":[{"start":{"line":97,"column":12},"end":{"line":119,"column":null}},{"start":{"line":111,"column":19},"end":{"line":119,"column":null}}]},"10":{"loc":{"start":{"line":98,"column":16},"end":{"line":99,"column":null}},"type":"binary-expr","locations":[{"start":{"line":98,"column":16},"end":{"line":98,"column":null}},{"start":{"line":99,"column":16},"end":{"line":99,"column":null}}]},"11":{"loc":{"start":{"line":112,"column":16},"end":{"line":118,"column":null}},"type":"if","locations":[{"start":{"line":112,"column":16},"end":{"line":118,"column":null}},{"start":{"line":116,"column":23},"end":{"line":118,"column":null}}]},"12":{"loc":{"start":{"line":123,"column":12},"end":{"line":129,"column":null}},"type":"if","locations":[{"start":{"line":123,"column":12},"end":{"line":129,"column":null}},{"start":{},"end":{}}]},"13":{"loc":{"start":{"line":164,"column":12},"end":{"line":167,"column":null}},"type":"if","locations":[{"start":{"line":164,"column":12},"end":{"line":167,"column":null}},{"start":{},"end":{}}]},"14":{"loc":{"start":{"line":206,"column":8},"end":{"line":208,"column":null}},"type":"if","locations":[{"start":{"line":206,"column":8},"end":{"line":208,"column":null}},{"start":{},"end":{}}]},"15":{"loc":{"start":{"line":214,"column":12},"end":{"line":217,"column":null}},"type":"if","locations":[{"start":{"line":214,"column":12},"end":{"line":217,"column":null}},{"start":{},"end":{}}]},"16":{"loc":{"start":{"line":250,"column":4},"end":{"line":252,"column":null}},"type":"if","locations":[{"start":{"line":250,"column":4},"end":{"line":252,"column":null}},{"start":{},"end":{}}]},"17":{"loc":{"start":{"line":250,"column":8},"end":{"line":250,"column":64}},"type":"binary-expr","locations":[{"start":{"line":250,"column":8},"end":{"line":250,"column":33}},{"start":{"line":250,"column":33},"end":{"line":250,"column":64}}]},"18":{"loc":{"start":{"line":271,"column":12},"end":{"line":271,"column":null}},"type":"if","locations":[{"start":{"line":271,"column":12},"end":{"line":271,"column":null}},{"start":{},"end":{}}]},"19":{"loc":{"start":{"line":273,"column":19},"end":{"line":282,"column":null}},"type":"cond-expr","locations":[{"start":{"line":274,"column":18},"end":{"line":279,"column":null}},{"start":{"line":280,"column":18},"end":{"line":282,"column":null}}]},"20":{"loc":{"start":{"line":294,"column":12},"end":{"line":294,"column":null}},"type":"if","locations":[{"start":{"line":294,"column":12},"end":{"line":294,"column":null}},{"start":{},"end":{}}]},"21":{"loc":{"start":{"line":303,"column":25},"end":{"line":303,"column":51}},"type":"default-arg","locations":[{"start":{"line":303,"column":42},"end":{"line":303,"column":51}}]},"22":{"loc":{"start":{"line":306,"column":16},"end":{"line":306,"column":null}},"type":"if","locations":[{"start":{"line":306,"column":16},"end":{"line":306,"column":null}},{"start":{},"end":{}}]},"23":{"loc":{"start":{"line":309,"column":16},"end":{"line":312,"column":null}},"type":"if","locations":[{"start":{"line":309,"column":16},"end":{"line":312,"column":null}},{"start":{},"end":{}}]},"24":{"loc":{"start":{"line":316,"column":16},"end":{"line":322,"column":null}},"type":"if","locations":[{"start":{"line":316,"column":16},"end":{"line":322,"column":null}},{"start":{},"end":{}}]},"25":{"loc":{"start":{"line":317,"column":20},"end":{"line":319,"column":null}},"type":"binary-expr","locations":[{"start":{"line":317,"column":20},"end":{"line":317,"column":null}},{"start":{"line":318,"column":20},"end":{"line":318,"column":null}},{"start":{"line":319,"column":20},"end":{"line":319,"column":null}}]}},"s":{"0":1,"1":5,"2":5,"3":12,"4":39,"5":39,"6":39,"7":39,"8":39,"9":46,"10":46,"11":2,"12":1,"13":2,"14":2,"15":2,"16":2,"17":2,"18":2,"19":2,"20":1,"21":2,"22":1,"23":46,"24":46,"25":46,"26":46,"27":44,"28":44,"29":2,"30":0,"31":2,"32":44,"33":44,"34":2,"35":2,"36":42,"37":42,"38":39,"39":39,"40":44,"41":39,"42":5,"43":5,"44":5,"45":5,"46":5,"47":39,"48":3,"49":3,"50":1,"51":39,"52":39,"53":44,"54":44,"55":9,"56":39,"57":11,"58":11,"59":10,"60":39,"61":1,"62":39,"63":91,"64":39,"65":6,"66":1,"67":5,"68":5,"69":5,"70":5,"71":5,"72":5,"73":0,"74":39,"75":2,"76":39,"77":0,"78":0,"79":39,"80":0,"81":39,"82":39,"83":25,"84":25,"85":0,"86":25,"87":1,"88":1,"89":24,"90":24,"91":39,"92":17,"93":17,"94":0,"95":17,"96":17,"97":41,"98":9,"99":9,"100":0,"101":9,"102":7,"103":7,"104":7,"105":2,"106":2,"107":2,"108":0,"109":39},"f":{"0":5,"1":5,"2":12,"3":39,"4":46,"5":3,"6":44,"7":9,"8":11,"9":10,"10":1,"11":91,"12":6,"13":2,"14":0,"15":39,"16":25,"17":1,"18":1,"19":24,"20":24,"21":39,"22":17,"23":17,"24":39,"25":41,"26":9,"27":9,"28":7},"b":{"0":[39,0],"1":[18],"2":[2,44],"3":[1,1],"4":[2,0],"5":[2,0],"6":[2,0],"7":[1,1],"8":[1,1],"9":[44,2],"10":[46,44],"11":[0,2],"12":[2,42],"13":[5,0],"14":[1,5],"15":[5,0],"16":[0,39],"17":[39,0],"18":[0,25],"19":[1,24],"20":[0,17],"21":[39],"22":[0,9],"23":[7,2],"24":[2,0],"25":[2,2,2]}}
,"D:/Development/splitx/re-render/src/core/middlewares/loggerMiddleware.ts": {"path":"D:/Development/splitx/re-render/src/core/middlewares/loggerMiddleware.ts","statementMap":{"0":{"start":{"line":5,"column":49},"end":{"line":20,"column":null}},"1":{"start":{"line":17,"column":8},"end":{"line":17,"column":null}},"2":{"start":{"line":17,"column":29},"end":{"line":17,"column":null}},"3":{"start":{"line":18,"column":8},"end":{"line":18,"column":null}}},"fnMap":{"0":{"name":"(anonymous_0)","decl":{"start":{"line":8,"column":8},"end":{"line":8,"column":null}},"loc":{"start":{"line":16,"column":9},"end":{"line":19,"column":null}}}},"branchMap":{"0":{"loc":{"start":{"line":17,"column":8},"end":{"line":17,"column":null}},"type":"if","locations":[{"start":{"line":17,"column":8},"end":{"line":17,"column":null}},{"start":{},"end":{}}]}},"s":{"0":1,"1":39,"2":6,"3":33},"f":{"0":39},"b":{"0":[6,33]}}
,"D:/Development/splitx/re-render/src/core/middlewares/persistMiddleware.ts": {"path":"D:/Development/splitx/re-render/src/core/middlewares/persistMiddleware.ts","statementMap":{"0":{"start":{"line":3,"column":50},"end":{"line":34,"column":null}},"1":{"start":{"line":13,"column":8},"end":{"line":32,"column":null}},"2":{"start":{"line":15,"column":12},"end":{"line":31,"column":null}},"3":{"start":{"line":18,"column":20},"end":{"line":22,"column":null}},"4":{"start":{"line":25,"column":20},"end":{"line":29,"column":null}},"5":{"start":{"line":30,"column":20},"end":{"line":30,"column":null}}},"fnMap":{"0":{"name":"(anonymous_0)","decl":{"start":{"line":6,"column":8},"end":{"line":6,"column":null}},"loc":{"start":{"line":12,"column":21},"end":{"line":33,"column":null}}},"1":{"name":"(anonymous_1)","decl":{"start":{"line":17,"column":22},"end":{"line":17,"column":28}},"loc":{"start":{"line":17,"column":28},"end":{"line":23,"column":17}}},"2":{"name":"(anonymous_2)","decl":{"start":{"line":24,"column":23},"end":{"line":24,"column":24}},"loc":{"start":{"line":24,"column":34},"end":{"line":31,"column":17}}}},"branchMap":{"0":{"loc":{"start":{"line":13,"column":8},"end":{"line":32,"column":null}},"type":"if","locations":[{"start":{"line":13,"column":8},"end":{"line":32,"column":null}},{"start":{},"end":{}}]},"1":{"loc":{"start":{"line":13,"column":12},"end":{"line":13,"column":36}},"type":"binary-expr","locations":[{"start":{"line":13,"column":12},"end":{"line":13,"column":20}},{"start":{"line":13,"column":20},"end":{"line":13,"column":36}}]}},"s":{"0":1,"1":5,"2":5,"3":5,"4":0,"5":0},"f":{"0":5,"1":5,"2":0},"b":{"0":[5,0],"1":[5,5]}}
,"D:/Development/splitx/re-render/src/core/middlewares/validationMiddleware.ts": {"path":"D:/Development/splitx/re-render/src/core/middlewares/validationMiddleware.ts","statementMap":{"0":{"start":{"line":5,"column":53},"end":{"line":24,"column":null}},"1":{"start":{"line":18,"column":8},"end":{"line":22,"column":null}},"2":{"start":{"line":19,"column":12},"end":{"line":21,"column":null}},"3":{"start":{"line":20,"column":16},"end":{"line":20,"column":null}}},"fnMap":{"0":{"name":"(anonymous_0)","decl":{"start":{"line":8,"column":8},"end":{"line":8,"column":null}},"loc":{"start":{"line":17,"column":9},"end":{"line":23,"column":null}}}},"branchMap":{"0":{"loc":{"start":{"line":18,"column":8},"end":{"line":22,"column":null}},"type":"if","locations":[{"start":{"line":18,"column":8},"end":{"line":22,"column":null}},{"start":{},"end":{}}]},"1":{"loc":{"start":{"line":19,"column":12},"end":{"line":21,"column":null}},"type":"if","locations":[{"start":{"line":19,"column":12},"end":{"line":21,"column":null}},{"start":{},"end":{}}]}},"s":{"0":1,"1":42,"2":42,"3":28},"f":{"0":42},"b":{"0":[42,0],"1":[28,14]}}
,"D:/Development/splitx/re-render/src/core/persist/DefaultPersistEngine.ts": {"path":"D:/Development/splitx/re-render/src/core/persist/DefaultPersistEngine.ts","statementMap":{"0":{"start":{"line":12,"column":23},"end":{"line":16,"column":null}},"1":{"start":{"line":13,"column":8},"end":{"line":15,"column":null}},"2":{"start":{"line":18,"column":25},"end":{"line":22,"column":null}},"3":{"start":{"line":19,"column":8},"end":{"line":21,"column":null}},"4":{"start":{"line":23,"column":25},"end":{"line":23,"column":null}},"5":{"start":{"line":24,"column":23},"end":{"line":28,"column":null}},"6":{"start":{"line":25,"column":8},"end":{"line":27,"column":null}},"7":{"start":{"line":29,"column":23},"end":{"line":33,"column":null}},"8":{"start":{"line":30,"column":8},"end":{"line":32,"column":null}},"9":{"start":{"line":34,"column":25},"end":{"line":39,"column":null}},"10":{"start":{"line":35,"column":8},"end":{"line":38,"column":null}},"11":{"start":{"line":40,"column":25},"end":{"line":45,"column":null}},"12":{"start":{"line":41,"column":8},"end":{"line":41,"column":null}},"13":{"start":{"line":42,"column":8},"end":{"line":44,"column":null}},"14":{"start":{"line":53,"column":8},"end":{"line":53,"column":null}},"15":{"start":{"line":54,"column":8},"end":{"line":54,"column":null}},"16":{"start":{"line":55,"column":8},"end":{"line":55,"column":null}},"17":{"start":{"line":58,"column":14},"end":{"line":101,"column":null}},"18":{"start":{"line":59,"column":29},"end":{"line":59,"column":null}},"19":{"start":{"line":60,"column":8},"end":{"line":65,"column":null}},"20":{"start":{"line":61,"column":12},"end":{"line":64,"column":null}},"21":{"start":{"line":62,"column":16},"end":{"line":63,"column":null}},"22":{"start":{"line":67,"column":8},"end":{"line":67,"column":null}},"23":{"start":{"line":69,"column":8},"end":{"line":69,"column":null}},"24":{"start":{"line":69,"column":43},"end":{"line":69,"column":null}},"25":{"start":{"line":71,"column":31},"end":{"line":71,"column":null}},"26":{"start":{"line":72,"column":30},"end":{"line":74,"column":null}},"27":{"start":{"line":76,"column":8},"end":{"line":98,"column":null}},"28":{"start":{"line":77,"column":12},"end":{"line":97,"column":null}},"29":{"start":{"line":79,"column":16},"end":{"line":85,"column":null}},"30":{"start":{"line":79,"column":29},"end":{"line":79,"column":48}},"31":{"start":{"line":80,"column":20},"end":{"line":84,"column":null}},"32":{"start":{"line":81,"column":24},"end":{"line":84,"column":null}},"33":{"start":{"line":86,"column":16},"end":{"line":89,"column":null}},"34":{"start":{"line":90,"column":16},"end":{"line":90,"column":null}},"35":{"start":{"line":91,"column":16},"end":{"line":92,"column":null}},"36":{"start":{"line":92,"column":20},"end":{"line":92,"column":null}},"37":{"start":{"line":94,"column":16},"end":{"line":95,"column":null}},"38":{"start":{"line":95,"column":20},"end":{"line":95,"column":null}},"39":{"start":{"line":96,"column":16},"end":{"line":96,"column":null}},"40":{"start":{"line":100,"column":8},"end":{"line":100,"column":null}},"41":{"start":{"line":103,"column":8},"end":{"line":103,"column":null}},"42":{"start":{"line":107,"column":8},"end":{"line":120,"column":null}},"43":{"start":{"line":108,"column":37},"end":{"line":110,"column":null}},"44":{"start":{"line":111,"column":12},"end":{"line":111,"column":null}},"45":{"start":{"line":112,"column":12},"end":{"line":115,"column":null}},"46":{"start":{"line":116,"column":12},"end":{"line":116,"column":null}},"47":{"start":{"line":116,"column":39},"end":{"line":116,"column":null}},"48":{"start":{"line":118,"column":12},"end":{"line":118,"column":null}},"49":{"start":{"line":118,"column":39},"end":{"line":118,"column":null}},"50":{"start":{"line":119,"column":12},"end":{"line":119,"column":null}},"51":{"start":{"line":125,"column":8},"end":{"line":132,"column":null}},"52":{"start":{"line":126,"column":12},"end":{"line":126,"column":null}},"53":{"start":{"line":127,"column":12},"end":{"line":127,"column":null}},"54":{"start":{"line":128,"column":12},"end":{"line":128,"column":null}},"55":{"start":{"line":130,"column":12},"end":{"line":130,"column":null}},"56":{"start":{"line":130,"column":39},"end":{"line":130,"column":null}},"57":{"start":{"line":131,"column":12},"end":{"line":131,"column":null}},"58":{"start":{"line":136,"column":35},"end":{"line":152,"column":null}},"59":{"start":{"line":143,"column":4},"end":{"line":151,"column":null}}},"fnMap":{"0":{"name":"(anonymous_0)","decl":{"start":{"line":12,"column":23},"end":{"line":12,"column":24}},"loc":{"start":{"line":12,"column":39},"end":{"line":16,"column":null}}},"1":{"name":"(anonymous_1)","decl":{"start":{"line":18,"column":25},"end":{"line":18,"column":26}},"loc":{"start":{"line":18,"column":64},"end":{"line":22,"column":null}}},"2":{"name":"(anonymous_2)","decl":{"start":{"line":23,"column":25},"end":{"line":23,"column":26}},"loc":{"start":{"line":23,"column":56},"end":{"line":23,"column":null}}},"3":{"name":"(anonymous_3)","decl":{"start":{"line":24,"column":23},"end":{"line":24,"column":24}},"loc":{"start":{"line":24,"column":37},"end":{"line":28,"column":null}}},"4":{"name":"(anonymous_4)","decl":{"start":{"line":29,"column":23},"end":{"line":29,"column":24}},"loc":{"start":{"line":29,"column":39},"end":{"line":33,"column":null}}},"5":{"name":"(anonymous_5)","decl":{"start":{"line":34,"column":25},"end":{"line":34,"column":26}},"loc":{"start":{"line":34,"column":39},"end":{"line":39,"column":null}}},"6":{"name":"(anonymous_6)","decl":{"start":{"line":40,"column":25},"end":{"line":40,"column":26}},"loc":{"start":{"line":40,"column":41},"end":{"line":45,"column":null}}},"7":{"name":"(anonymous_7)","decl":{"start":{"line":48,"column":4},"end":{"line":48,"column":null}},"loc":{"start":{"line":52,"column":6},"end":{"line":56,"column":null}}},"8":{"name":"(anonymous_8)","decl":{"start":{"line":58,"column":14},"end":{"line":58,"column":26}},"loc":{"start":{"line":58,"column":26},"end":{"line":101,"column":null}}},"9":{"name":"(anonymous_9)","decl":{"start":{"line":102,"column":4},"end":{"line":102,"column":23}},"loc":{"start":{"line":102,"column":23},"end":{"line":104,"column":null}}},"10":{"name":"(anonymous_10)","decl":{"start":{"line":106,"column":4},"end":{"line":106,"column":10}},"loc":{"start":{"line":106,"column":48},"end":{"line":121,"column":null}}},"11":{"name":"(anonymous_11)","decl":{"start":{"line":124,"column":4},"end":{"line":124,"column":10}},"loc":{"start":{"line":124,"column":47},"end":{"line":133,"column":null}}},"12":{"name":"(anonymous_12)","decl":{"start":{"line":136,"column":35},"end":{"line":136,"column":null}},"loc":{"start":{"line":142,"column":24},"end":{"line":152,"column":null}}}},"branchMap":{"0":{"loc":{"start":{"line":60,"column":8},"end":{"line":65,"column":null}},"type":"if","locations":[{"start":{"line":60,"column":8},"end":{"line":65,"column":null}},{"start":{},"end":{}}]},"1":{"loc":{"start":{"line":61,"column":12},"end":{"line":64,"column":null}},"type":"if","locations":[{"start":{"line":61,"column":12},"end":{"line":64,"column":null}},{"start":{},"end":{}}]},"2":{"loc":{"start":{"line":69,"column":8},"end":{"line":69,"column":null}},"type":"if","locations":[{"start":{"line":69,"column":8},"end":{"line":69,"column":null}},{"start":{},"end":{}}]},"3":{"loc":{"start":{"line":73,"column":12},"end":{"line":73,"column":null}},"type":"binary-expr","locations":[{"start":{"line":73,"column":12},"end":{"line":73,"column":67}},{"start":{"line":73,"column":67},"end":{"line":73,"column":null}}]},"4":{"loc":{"start":{"line":76,"column":8},"end":{"line":98,"column":null}},"type":"if","locations":[{"start":{"line":76,"column":8},"end":{"line":98,"column":null}},{"start":{},"end":{}}]},"5":{"loc":{"start":{"line":80,"column":20},"end":{"line":84,"column":null}},"type":"if","locations":[{"start":{"line":80,"column":20},"end":{"line":84,"column":null}},{"start":{},"end":{}}]},"6":{"loc":{"start":{"line":91,"column":16},"end":{"line":92,"column":null}},"type":"if","locations":[{"start":{"line":91,"column":16},"end":{"line":92,"column":null}},{"start":{},"end":{}}]},"7":{"loc":{"start":{"line":94,"column":16},"end":{"line":95,"column":null}},"type":"if","locations":[{"start":{"line":94,"column":16},"end":{"line":95,"column":null}},{"start":{},"end":{}}]},"8":{"loc":{"start":{"line":108,"column":37},"end":{"line":110,"column":null}},"type":"cond-expr","locations":[{"start":{"line":109,"column":18},"end":{"line":109,"column":null}},{"start":{"line":110,"column":18},"end":{"line":110,"column":null}}]},"9":{"loc":{"start":{"line":116,"column":12},"end":{"line":116,"column":null}},"type":"if","locations":[{"start":{"line":116,"column":12},"end":{"line":116,"column":null}},{"start":{},"end":{}}]},"10":{"loc":{"start":{"line":118,"column":12},"end":{"line":118,"column":null}},"type":"if","locations":[{"start":{"line":118,"column":12},"end":{"line":118,"column":null}},{"start":{},"end":{}}]},"11":{"loc":{"start":{"line":130,"column":12},"end":{"line":130,"column":null}},"type":"if","locations":[{"start":{"line":130,"column":12},"end":{"line":130,"column":null}},{"start":{},"end":{}}]}},"s":{"0":12,"1":0,"2":12,"3":0,"4":12,"5":12,"6":11,"7":12,"8":0,"9":12,"10":5,"11":12,"12":0,"13":0,"14":12,"15":12,"16":12,"17":12,"18":5,"19":5,"20":5,"21":0,"22":5,"23":5,"24":4,"25":1,"26":1,"27":1,"28":1,"29":1,"30":1,"31":1,"32":1,"33":1,"34":1,"35":1,"36":1,"37":0,"38":0,"39":0,"40":1,"41":5,"42":6,"43":6,"44":6,"45":6,"46":6,"47":6,"48":0,"49":0,"50":0,"51":2,"52":2,"53":2,"54":2,"55":0,"56":0,"57":0,"58":1,"59":10},"f":{"0":0,"1":0,"2":1,"3":11,"4":0,"5":5,"6":0,"7":12,"8":5,"9":5,"10":6,"11":2,"12":10},"b":{"0":[5,0],"1":[0,5],"2":[4,1],"3":[1,0],"4":[1,0],"5":[1,0],"6":[1,0],"7":[0,0],"8":[0,6],"9":[6,0],"10":[0,0],"11":[0,0]}}
,"D:/Development/splitx/re-render/src/core/persist/storage/webStorage.ts": {"path":"D:/Development/splitx/re-render/src/core/persist/storage/webStorage.ts","statementMap":{"0":{"start":{"line":9,"column":8},"end":{"line":10,"column":null}},"1":{"start":{"line":14,"column":8},"end":{"line":17,"column":null}},"2":{"start":{"line":15,"column":25},"end":{"line":15,"column":null}},"3":{"start":{"line":16,"column":12},"end":{"line":16,"column":null}},"4":{"start":{"line":21,"column":8},"end":{"line":24,"column":null}},"5":{"start":{"line":22,"column":12},"end":{"line":22,"column":null}},"6":{"start":{"line":23,"column":12},"end":{"line":23,"column":null}},"7":{"start":{"line":28,"column":8},"end":{"line":31,"column":null}},"8":{"start":{"line":29,"column":12},"end":{"line":29,"column":null}},"9":{"start":{"line":30,"column":12},"end":{"line":30,"column":null}},"10":{"start":{"line":35,"column":8},"end":{"line":38,"column":null}},"11":{"start":{"line":36,"column":12},"end":{"line":36,"column":null}},"12":{"start":{"line":37,"column":12},"end":{"line":37,"column":null}},"13":{"start":{"line":42,"column":8},"end":{"line":42,"column":null}}},"fnMap":{"0":{"name":"(anonymous_0)","decl":{"start":{"line":6,"column":4},"end":{"line":6,"column":null}},"loc":{"start":{"line":8,"column":6},"end":{"line":11,"column":null}}},"1":{"name":"(anonymous_1)","decl":{"start":{"line":13,"column":4},"end":{"line":13,"column":10}},"loc":{"start":{"line":13,"column":50},"end":{"line":18,"column":null}}},"2":{"name":"(anonymous_2)","decl":{"start":{"line":14,"column":27},"end":{"line":14,"column":28}},"loc":{"start":{"line":14,"column":40},"end":{"line":17,"column":9}}},"3":{"name":"(anonymous_3)","decl":{"start":{"line":20,"column":4},"end":{"line":20,"column":10}},"loc":{"start":{"line":20,"column":56},"end":{"line":25,"column":null}}},"4":{"name":"(anonymous_4)","decl":{"start":{"line":21,"column":27},"end":{"line":21,"column":28}},"loc":{"start":{"line":21,"column":40},"end":{"line":24,"column":9}}},"5":{"name":"(anonymous_5)","decl":{"start":{"line":27,"column":4},"end":{"line":27,"column":10}},"loc":{"start":{"line":27,"column":49},"end":{"line":32,"column":null}}},"6":{"name":"(anonymous_6)","decl":{"start":{"line":28,"column":27},"end":{"line":28,"column":28}},"loc":{"start":{"line":28,"column":40},"end":{"line":31,"column":9}}},"7":{"name":"(anonymous_7)","decl":{"start":{"line":34,"column":4},"end":{"line":34,"column":10}},"loc":{"start":{"line":34,"column":33},"end":{"line":39,"column":null}}},"8":{"name":"(anonymous_8)","decl":{"start":{"line":35,"column":27},"end":{"line":35,"column":28}},"loc":{"start":{"line":35,"column":40},"end":{"line":38,"column":9}}},"9":{"name":"(anonymous_9)","decl":{"start":{"line":41,"column":4},"end":{"line":41,"column":10}},"loc":{"start":{"line":41,"column":33},"end":{"line":43,"column":null}}}},"branchMap":{"0":{"loc":{"start":{"line":7,"column":8},"end":{"line":7,"column":null}},"type":"default-arg","locations":[{"start":{"line":7,"column":57},"end":{"line":7,"column":null}}]},"1":{"loc":{"start":{"line":10,"column":12},"end":{"line":10,"column":null}},"type":"cond-expr","locations":[{"start":{"line":10,"column":45},"end":{"line":10,"column":60}},{"start":{"line":10,"column":60},"end":{"line":10,"column":null}}]},"2":{"loc":{"start":{"line":16,"column":20},"end":{"line":16,"column":50}},"type":"cond-expr","locations":[{"start":{"line":16,"column":27},"end":{"line":16,"column":46}},{"start":{"line":16,"column":46},"end":{"line":16,"column":50}}]}},"s":{"0":12,"1":5,"2":5,"3":5,"4":6,"5":6,"6":6,"7":2,"8":2,"9":2,"10":2,"11":2,"12":2,"13":2},"f":{"0":12,"1":5,"2":5,"3":6,"4":6,"5":2,"6":2,"7":2,"8":2,"9":2},"b":{"0":[7],"1":[7,5],"2":[5,0]}}
,"D:/Development/splitx/re-render/src/core/transformers/immerTransformer.ts": {"path":"D:/Development/splitx/re-render/src/core/transformers/immerTransformer.ts","statementMap":{"0":{"start":{"line":3,"column":55},"end":{"line":26,"column":null}},"1":{"start":{"line":14,"column":8},"end":{"line":24,"column":null}},"2":{"start":{"line":15,"column":32},"end":{"line":15,"column":null}},"3":{"start":{"line":16,"column":12},"end":{"line":19,"column":null}},"4":{"start":{"line":18,"column":16},"end":{"line":18,"column":null}},"5":{"start":{"line":21,"column":12},"end":{"line":23,"column":null}}},"fnMap":{"0":{"name":"(anonymous_0)","decl":{"start":{"line":5,"column":8},"end":{"line":5,"column":null}},"loc":{"start":{"line":13,"column":9},"end":{"line":25,"column":null}}},"1":{"name":"(anonymous_1)","decl":{"start":{"line":16,"column":38},"end":{"line":16,"column":39}},"loc":{"start":{"line":16,"column":49},"end":{"line":19,"column":13}}}},"branchMap":{"0":{"loc":{"start":{"line":14,"column":8},"end":{"line":24,"column":null}},"type":"if","locations":[{"start":{"line":14,"column":8},"end":{"line":24,"column":null}},{"start":{"line":20,"column":15},"end":{"line":24,"column":null}}]}},"s":{"0":1,"1":44,"2":43,"3":43,"4":43,"5":1},"f":{"0":44,"1":43},"b":{"0":[43,1]}}
,"D:/Development/splitx/re-render/src/react/index.ts": {"path":"D:/Development/splitx/re-render/src/react/index.ts","statementMap":{"0":{"start":{"line":14,"column":14},"end":{"line":14,"column":null}},"1":{"start":{"line":15,"column":4},"end":{"line":18,"column":null}},"2":{"start":{"line":17,"column":41},"end":{"line":17,"column":57}},"3":{"start":{"line":26,"column":20},"end":{"line":26,"column":null}},"4":{"start":{"line":27,"column":4},"end":{"line":27,"column":null}},"5":{"start":{"line":33,"column":25},"end":{"line":33,"column":null}},"6":{"start":{"line":34,"column":27},"end":{"line":34,"column":null}},"7":{"start":{"line":40,"column":8},"end":{"line":40,"column":null}},"8":{"start":{"line":41,"column":8},"end":{"line":41,"column":null}},"9":{"start":{"line":45,"column":8},"end":{"line":48,"column":null}},"10":{"start":{"line":46,"column":24},"end":{"line":46,"column":null}},"11":{"start":{"line":47,"column":12},"end":{"line":47,"column":null}},"12":{"start":{"line":49,"column":8},"end":{"line":49,"column":null}},"13":{"start":{"line":53,"column":25},"end":{"line":53,"column":null}},"14":{"start":{"line":54,"column":8},"end":{"line":54,"column":null}},"15":{"start":{"line":54,"column":43},"end":{"line":54,"column":null}},"16":{"start":{"line":56,"column":22},"end":{"line":92,"column":null}},"17":{"start":{"line":60,"column":20},"end":{"line":60,"column":null}},"18":{"start":{"line":60,"column":50},"end":{"line":60,"column":null}},"19":{"start":{"line":62,"column":20},"end":{"line":78,"column":null}},"20":{"start":{"line":63,"column":41},"end":{"line":63,"column":null}},"21":{"start":{"line":64,"column":41},"end":{"line":64,"column":null}},"22":{"start":{"line":66,"column":37},"end":{"line":71,"column":null}},"23":{"start":{"line":67,"column":28},"end":{"line":71,"column":null}},"24":{"start":{"line":69,"column":38},"end":{"line":69,"column":null}},"25":{"start":{"line":70,"column":38},"end":{"line":70,"column":null}},"26":{"start":{"line":73,"column":24},"end":{"line":75,"column":null}},"27":{"start":{"line":74,"column":40},"end":{"line":74,"column":71}},"28":{"start":{"line":77,"column":24},"end":{"line":77,"column":null}},"29":{"start":{"line":80,"column":38},"end":{"line":80,"column":null}},"30":{"start":{"line":81,"column":20},"end":{"line":87,"column":null}},"31":{"start":{"line":86,"column":24},"end":{"line":86,"column":null}},"32":{"start":{"line":89,"column":20},"end":{"line":89,"column":null}},"33":{"start":{"line":94,"column":8},"end":{"line":94,"column":null}},"34":{"start":{"line":94,"column":53},"end":{"line":94,"column":null}},"35":{"start":{"line":95,"column":8},"end":{"line":95,"column":null}},"36":{"start":{"line":96,"column":8},"end":{"line":96,"column":null}}},"fnMap":{"0":{"name":"createStore","decl":{"start":{"line":7,"column":16},"end":{"line":7,"column":null}},"loc":{"start":{"line":13,"column":40},"end":{"line":19,"column":null}}},"1":{"name":"(anonymous_1)","decl":{"start":{"line":17,"column":35},"end":{"line":17,"column":41}},"loc":{"start":{"line":17,"column":41},"end":{"line":17,"column":57}}},"2":{"name":"createHooks","decl":{"start":{"line":22,"column":16},"end":{"line":22,"column":null}},"loc":{"start":{"line":25,"column":22},"end":{"line":28,"column":null}}},"3":{"name":"(anonymous_3)","decl":{"start":{"line":36,"column":4},"end":{"line":36,"column":null}},"loc":{"start":{"line":39,"column":6},"end":{"line":42,"column":null}}},"4":{"name":"(anonymous_4)","decl":{"start":{"line":44,"column":12},"end":{"line":44,"column":23}},"loc":{"start":{"line":44,"column":45},"end":{"line":50,"column":null}}},"5":{"name":"(anonymous_5)","decl":{"start":{"line":52,"column":11},"end":{"line":52,"column":20}},"loc":{"start":{"line":52,"column":46},"end":{"line":97,"column":null}}},"6":{"name":"(anonymous_6)","decl":{"start":{"line":59,"column":21},"end":{"line":59,"column":22}},"loc":{"start":{"line":59,"column":42},"end":{"line":90,"column":null}}},"7":{"name":"(anonymous_7)","decl":{"start":{"line":66,"column":37},"end":{"line":66,"column":null}},"loc":{"start":{"line":67,"column":28},"end":{"line":71,"column":null}}},"8":{"name":"(anonymous_8)","decl":{"start":{"line":69,"column":32},"end":{"line":69,"column":38}},"loc":{"start":{"line":69,"column":38},"end":{"line":69,"column":null}}},"9":{"name":"(anonymous_9)","decl":{"start":{"line":70,"column":32},"end":{"line":70,"column":38}},"loc":{"start":{"line":70,"column":38},"end":{"line":70,"column":null}}},"10":{"name":"(anonymous_10)","decl":{"start":{"line":74,"column":33},"end":{"line":74,"column":34}},"loc":{"start":{"line":74,"column":40},"end":{"line":74,"column":71}}}},"branchMap":{"0":{"loc":{"start":{"line":45,"column":8},"end":{"line":48,"column":null}},"type":"if","locations":[{"start":{"line":45,"column":8},"end":{"line":48,"column":null}},{"start":{},"end":{}}]},"1":{"loc":{"start":{"line":52,"column":20},"end":{"line":52,"column":46}},"type":"default-arg","locations":[{"start":{"line":52,"column":37},"end":{"line":52,"column":46}}]},"2":{"loc":{"start":{"line":54,"column":8},"end":{"line":54,"column":null}},"type":"if","locations":[{"start":{"line":54,"column":8},"end":{"line":54,"column":null}},{"start":{},"end":{}}]},"3":{"loc":{"start":{"line":60,"column":20},"end":{"line":60,"column":null}},"type":"if","locations":[{"start":{"line":60,"column":20},"end":{"line":60,"column":null}},{"start":{},"end":{}}]},"4":{"loc":{"start":{"line":62,"column":20},"end":{"line":78,"column":null}},"type":"if","locations":[{"start":{"line":62,"column":20},"end":{"line":78,"column":null}},{"start":{},"end":{}}]},"5":{"loc":{"start":{"line":81,"column":20},"end":{"line":87,"column":null}},"type":"if","locations":[{"start":{"line":81,"column":20},"end":{"line":87,"column":null}},{"start":{},"end":{}}]},"6":{"loc":{"start":{"line":82,"column":24},"end":{"line":84,"column":null}},"type":"binary-expr","locations":[{"start":{"line":82,"column":24},"end":{"line":82,"column":null}},{"start":{"line":83,"column":24},"end":{"line":83,"column":null}},{"start":{"line":84,"column":24},"end":{"line":84,"column":null}}]},"7":{"loc":{"start":{"line":94,"column":8},"end":{"line":94,"column":null}},"type":"if","locations":[{"start":{"line":94,"column":8},"end":{"line":94,"column":null}},{"start":{},"end":{}}]}},"s":{"0":7,"1":7,"2":55,"3":7,"4":7,"5":7,"6":7,"7":7,"8":7,"9":14,"10":9,"11":9,"12":14,"13":13,"14":13,"15":3,"16":10,"17":20,"18":0,"19":20,"20":14,"21":14,"22":14,"23":14,"24":49,"25":0,"26":14,"27":20,"28":14,"29":6,"30":6,"31":6,"32":0,"33":10,"34":0,"35":10,"36":10},"f":{"0":7,"1":55,"2":7,"3":7,"4":14,"5":13,"6":20,"7":14,"8":49,"9":0,"10":20},"b":{"0":[9,5],"1":[7],"2":[3,10],"3":[0,20],"4":[14,6],"5":[6,0],"6":[6,6,6],"7":[0,10]}}
}
